OMPL version 1.6.0
Experiment KinematicChain
1 experiment properties
num_links INTEGER = 8
Running on Zangetsu
Starting at 2024-04-01 09:57:18
<<<|
Properties of the state space 'RealVectorSpace2'
  - signature: 2 1 8 
  - dimension: 8
  - extent: 17.7715

  - SANITY CHECKS FOR STATE SPACE ***DID NOT PASS*** (enforceBounds() seems to modify states that are in fact within bounds.)

  - probability of valid states: 0.312
  - average length of a valid motion: 2.17538
  - average number of samples drawn per second: sampleUniform()=4.97834e+06 sampleUniformNear()=5.12329e+06 sampleGaussian()=3.03154e+06
Settings for the state space 'RealVectorSpace2'
  - state validity check resolution: 1%
  - valid segment count factor: 1
  - state space:
Real vector state space 'RealVectorSpace2' of dimension 8 with bounds: 
  - min: -3.14159 -3.14159 -3.14159 -3.14159 -3.14159 -3.14159 -3.14159 -3.14159 
  - max: 3.14159 3.14159 3.14159 3.14159 3.14159 3.14159 3.14159 3.14159 

Declared parameters:
longest_valid_segment_fraction = 0.01
projection.cellsize.0 = 1.0375
projection.cellsize.1 = 0.782148
projection.cellsize.2 = 0.878386
projection.cellsize_factor = 0
valid_segment_count_factor = 1
Valid state sampler named uniform with parameters:
nr_attempts = 100
Planner KPIECE1 specs:
Multithreaded:                 No
Reports approximate solutions: Yes
Can optimize solutions:        No
Aware of the following parameters: border_fraction failed_expansion_score_factor goal_bias min_valid_path_fraction range
Declared parameters for planner KPIECE1:
border_fraction = 0.9
failed_expansion_score_factor = 0.5
goal_bias = 0.05
min_valid_path_fraction = 0.2
range = 0
Start states:
RealVectorState [0 0 0 0 0 0 0 0]
Goal state, threshold = 2.22045e-16, memory address = 0x5cb0920983f0, state = 
RealVectorState [3.14159 0 0 0 0 0 0 0]
OptimizationObjective = nullptr
There are 0 solutions

Properties of benchmarked planners:
Planner KPIECE1 specs:
Multithreaded:                 No
Reports approximate solutions: Yes
Can optimize solutions:        No
Aware of the following parameters: border_fraction failed_expansion_score_factor goal_bias min_valid_path_fraction range
|>>>
<<<|
Architecture:                       x86_64
CPU op-mode(s):                     32-bit, 64-bit
Address sizes:                      39 bits physical, 48 bits virtual
Byte Order:                         Little Endian
CPU(s):                             20
On-line CPU(s) list:                0-19
Vendor ID:                          GenuineIntel
Model name:                         13th Gen Intel(R) Core(TM) i7-13700H
CPU family:                         6
Model:                              186
Thread(s) per core:                 2
Core(s) per socket:                 14
Socket(s):                          1
Stepping:                           2
CPU max MHz:                        5000.0000
CPU min MHz:                        400.0000
BogoMIPS:                           5836.80
Flags:                              fpu vme de pse tsc msr pae mce cx8 apic sep mtrr pge mca cmov pat pse36 clflush dts acpi mmx fxsr sse sse2 ss ht tm pbe syscall nx pdpe1gb rdtscp lm constant_tsc art arch_perfmon pebs bts rep_good nopl xtopology nonstop_tsc cpuid aperfmperf tsc_known_freq pni pclmulqdq dtes64 monitor ds_cpl vmx smx est tm2 ssse3 sdbg fma cx16 xtpr pdcm sse4_1 sse4_2 x2apic movbe popcnt tsc_deadline_timer aes xsave avx f16c rdrand lahf_lm abm 3dnowprefetch cpuid_fault epb ssbd ibrs ibpb stibp ibrs_enhanced tpr_shadow flexpriority ept vpid ept_ad fsgsbase tsc_adjust bmi1 avx2 smep bmi2 erms invpcid rdseed adx smap clflushopt clwb intel_pt sha_ni xsaveopt xsavec xgetbv1 xsaves split_lock_detect avx_vnni dtherm ida arat pln pts hwp hwp_notify hwp_act_window hwp_epp hwp_pkg_req hfi vnmi umip pku ospke waitpkg gfni vaes vpclmulqdq rdpid movdiri movdir64b fsrm md_clear serialize arch_lbr ibt flush_l1d arch_capabilities
Virtualization:                     VT-x
L1d cache:                          544 KiB (14 instances)
L1i cache:                          704 KiB (14 instances)
L2 cache:                           11.5 MiB (8 instances)
L3 cache:                           24 MiB (1 instance)
NUMA node(s):                       1
NUMA node0 CPU(s):                  0-19
Vulnerability Gather data sampling: Not affected
Vulnerability Itlb multihit:        Not affected
Vulnerability L1tf:                 Not affected
Vulnerability Mds:                  Not affected
Vulnerability Meltdown:             Not affected
Vulnerability Mmio stale data:      Not affected
Vulnerability Retbleed:             Not affected
Vulnerability Spec rstack overflow: Not affected
Vulnerability Spec store bypass:    Mitigation; Speculative Store Bypass disabled via prctl
Vulnerability Spectre v1:           Mitigation; usercopy/swapgs barriers and __user pointer sanitization
Vulnerability Spectre v2:           Mitigation; Enhanced / Automatic IBRS, IBPB conditional, RSB filling, PBRSB-eIBRS SW sequence
Vulnerability Srbds:                Not affected
Vulnerability Tsx async abort:      Not affected
|>>>
1711979744488578 is the random seed
5 seconds per run
8192 MB per run
10 runs per planner
41.3112 seconds spent to collect the data
1 enum type
status|Unknown status|Invalid start|Invalid goal|Unrecognized goal type|Timeout|Approximate solution|Exact solution|Crash|Unknown status|Unknown status
1 planners
geometric_KPIECE1
11 common properties
border_fraction = 0.9
failed_expansion_score_factor = 0.5
goal_bias = 0.05
longest_valid_segment_fraction = 0.01
min_valid_path_fraction = 0.2
projection.cellsize.0 = 1.0375
projection.cellsize.1 = 0.782148
projection.cellsize.2 = 0.878386
projection.cellsize_factor = 0
range = 3.55431
valid_segment_count_factor = 1
22 properties for each run
approximate solution BOOLEAN
correct solution BOOLEAN
correct solution strict BOOLEAN
graph motions INTEGER
graph states INTEGER
memory REAL
simplification time REAL
simplified correct solution BOOLEAN
simplified correct solution strict BOOLEAN
simplified solution clearance REAL
simplified solution length REAL
simplified solution segments INTEGER
simplified solution smoothness REAL
solution clearance REAL
solution difference REAL
solution length REAL
solution segments INTEGER
solution smoothness REAL
solved BOOLEAN
status ENUM
time REAL
valid segment fraction REAL
10 runs
0; 1; 0; 101; 102; 191.613; 0.889395; 1; 0; 0; 43.7605; 6; 0.204833; 0; 0; 145.19; 24; 3.53249; 1; 6; 0.772431; 0.0680851; 
0; 1; 0; 147; 148; 191.613; 0.797616; 1; 1; 0; 36.5516; 6; 0.178442; 0; 0; 187.34; 33; 6.10618; 1; 6; 1.13086; 0.0291262; 
0; 1; 0; 193; 194; 191.613; 1.18495; 0; 0; 0; 30.3967; 2; 0.00479881; 0; 0; 176.89; 31; 4.62984; 1; 6; 1.6391; 0.0473684; 
0; 1; 1; 215; 216; 191.613; 0.682619; 1; 0; 0; 34.6638; 9; 0.265473; 0; 0; 96.1997; 19; 3.48161; 1; 6; 1.69593; 0.0349762; 
0; 0; 0; 125; 126; 191.613; 0.820768; 1; 0; 0; 34.0313; 8; 0.529088; 0; 0; 169.281; 32; 6.88662; 1; 6; 1.04074; 0.0573248; 
1; 1; 0; 636; 637; 191.613; 0.787491; 1; 1; 0; 35.2822; 6; 0.281395; 0; 4.66457; 169.288; 37; 11.9404; 0; 5; 5.06593; 0.0703851; 
0; 1; 0; 391; 392; 191.613; 1.13826; 1; 0; 0; 45.6034; 13; 3.49044; 0; 0; 258.304; 42; 6.97612; 1; 6; 2.91277; 0.0595369; 
0; 1; 0; 179; 180; 191.613; 1.18507; 1; 1; 0; 32.7948; 6; 0.189589; 0; 0; 181.417; 32; 8.52022; 1; 6; 1.43452; 0.045929; 
0; 1; 1; 151; 152; 191.613; 0.799781; 1; 0; 0; 37.1935; 8; 0.521936; 0; 0; 129.866; 29; 9.89828; 1; 6; 1.29537; 0.0255474; 
1; 0; 0; 685; 686; 191.613; 0.853154; 1; 0; 0; 52.0171; 14; 1.19718; 0; 4.45765; 193.23; 34; 5.83916; 0; 5; 5.03494; 0.0762579; 
.
